<?xml version="1.0" encoding="UTF-8"?>
<!-- Generated by org.testng.reporters.JUnitReportReporter -->
<testsuite hostname="DESKTOP-1N0VLJU" failures="0" tests="3" name="TestCases" time="13.767" errors="0" timestamp="2024-10-25T21:10:56 EET" skipped="0">
  <testcase classname="TestCases" name="signUp" time="8.214"/>
  <system-out/>
  <testcase classname="TestCases" name="logOut" time="4.710"/>
  <system-out/>
  <testcase classname="TestCases" name="logIn" time="0.843"/>
  <system-out/>
</testsuite> <!-- TestCases -->
